2020-03-17 17:51:41 default[20200317t133930]          collections: [Circular],
2020-03-17 17:51:41 default[20200317t133930]          models: [Object],
2020-03-17 17:51:41 default[20200317t133930]          config: [Object],
2020-03-17 17:51:41 default[20200317t133930]          replica: false,
2020-03-17 17:51:41 default[20200317t133930]          options: null,
2020-03-17 17:51:41 default[20200317t133930]          otherDbs: [],
2020-03-17 17:51:41 default[20200317t133930]          relatedDbs: {},
2020-03-17 17:51:41 default[20200317t133930]          states: [Object],
2020-03-17 17:51:41 default[20200317t133930]          _readyState: 1,
2020-03-17 17:51:41 default[20200317t133930]          _closeCalled: false,
2020-03-17 17:51:41 default[20200317t133930]          _hasOpened: true,
2020-03-17 17:51:41 default[20200317t133930]          plugins: [],
2020-03-17 17:51:41 default[20200317t133930]          _listening: false,
2020-03-17 17:51:41 default[20200317t133930]          _connectionOptions: [Object],
2020-03-17 17:51:41 default[20200317t133930]          client: [MongoClient],
2020-03-17 17:51:41 default[20200317t133930]          '$initialConnection': [Promise],
2020-03-17 17:51:41 default[20200317t133930]          name: 'ardb',
2020-03-17 17:51:41 default[20200317t133930]          host: 'ar001-shard-00-00-1xhdt.mongodb.net',
2020-03-17 17:51:41 default[20200317t133930]          port: 27017,
2020-03-17 17:51:41 default[20200317t133930]          user: 'aubs',
2020-03-17 17:51:41 default[20200317t133930]          pass: 'aubrey3',
2020-03-17 17:51:41 default[20200317t133930]          db: [Db] },
2020-03-17 17:51:41 default[20200317t133930]       queue: [],
2020-03-17 17:51:41 default[20200317t133930]       buffer: false,
2020-03-17 17:51:41 default[20200317t133930]       emitter:
2020-03-17 17:51:41 default[20200317t133930]        EventEmitter {
2020-03-17 17:51:41 default[20200317t133930]          _events: [Object: null prototype] {},
2020-03-17 17:51:41 default[20200317t133930]          _eventsCount: 0,
2020-03-17 17:51:41 default[20200317t133930]          _maxListeners: undefined } },
2020-03-17 17:51:41 default[20200317t133930]    marshalfenceexitevents:
2020-03-17 17:51:41 default[20200317t133930]     NativeCollection {
2020-03-17 17:51:41 default[20200317t133930]       collection: Collection { s: [Object] },
2020-03-17 17:51:41 default[20200317t133930]       Promise: [Function: Promise],
2020-03-17 17:51:41 default[20200317t133930]       opts:
2020-03-17 17:51:41 default[20200317t133930]        { bufferCommands: true,
2020-03-17 17:51:41 default[20200317t133930]          capped: false,
2020-03-17 17:51:41 default[20200317t133930]          Promise: [Function: Promise],
2020-03-17 17:51:41 default[20200317t133930]          '$wasForceClosed': undefined },
2020-03-17 17:51:41 default[20200317t133930]       name: 'marshalfenceexitevents',
2020-03-17 17:51:41 default[20200317t133930]       collectionName: 'marshalfenceexitevents',
2020-03-17 17:51:41 default[20200317t133930]       conn:
2020-03-17 17:51:41 default[20200317t133930]        NativeConnection {
2020-03-17 17:51:41 default[20200317t133930]          base: [Mongoose],
2020-03-17 17:51:41 default[20200317t133930]          collections: [Circular],
2020-03-17 17:51:41 default[20200317t133930]          models: [Object],
2020-03-17 17:51:41 default[20200317t133930]          config: [Object],
2020-03-17 17:51:41 default[20200317t133930]          replica: false,
2020-03-17 17:51:41 default[20200317t133930]          options: null,
2020-03-17 17:51:41 default[20200317t133930]          otherDbs: [],
2020-03-17 17:51:41 default[20200317t133930]          relatedDbs: {},
2020-03-17 17:51:41 default[20200317t133930]          states: [Object],
2020-03-17 17:51:41 default[20200317t133930]          _readyState: 1,
2020-03-17 17:51:41 default[20200317t133930]          _closeCalled: false,
2020-03-17 17:51:41 default[20200317t133930]          _hasOpened: true,
2020-03-17 17:51:41 default[20200317t133930]          plugins: [],
2020-03-17 17:51:41 default[20200317t133930]          _listening: false,
2020-03-17 17:51:41 default[20200317t133930]          _connectionOptions: [Object],
2020-03-17 17:51:41 default[20200317t133930]          client: [MongoClient],
2020-03-17 17:51:41 default[20200317t133930]          '$initialConnection': [Promise],
2020-03-17 17:51:41 default[20200317t133930]          name: 'ardb',
2020-03-17 17:51:41 default[20200317t133930]          host: 'ar001-shard-00-00-1xhdt.mongodb.net',
2020-03-17 17:51:41 default[20200317t133930]          port: 27017,
2020-03-17 17:51:41 default[20200317t133930]          user: 'aubs',
2020-03-17 17:51:41 default[20200317t133930]          pass: 'aubrey3',
2020-03-17 17:51:41 default[20200317t133930]          db: [Db] },
2020-03-17 17:51:41 default[20200317t133930]       queue: [],
2020-03-17 17:51:41 default[20200317t133930]       buffer: false,
2020-03-17 17:51:41 default[20200317t133930]       emitter:
2020-03-17 17:51:41 default[20200317t133930]        EventEmitter {
2020-03-17 17:51:41 default[20200317t133930]          _events: [Object: null prototype] {},
2020-03-17 17:51:41 default[20200317t133930]          _eventsCount: 0,
2020-03-17 17:51:41 default[20200317t133930]          _maxListeners: undefined } },
2020-03-17 17:51:41 default[20200317t133930]    cities:
2020-03-17 17:51:41 default[20200317t133930]     NativeCollection {
2020-03-17 17:51:41 default[20200317t133930]       collection: Collection { s: [Object] },
2020-03-17 17:51:41 default[20200317t133930]       Promise: [Function: Promise],
2020-03-17 17:51:41 default[20200317t133930]       opts:
2020-03-17 17:51:41 default[20200317t133930]        { bufferCommands: true,
2020-03-17 17:51:41 default[20200317t133930]          capped: false,
2020-03-17 17:51:41 default[20200317t133930]          Promise: [Function: Promise],
2020-03-17 17:51:41 default[20200317t133930]          '$wasForceClosed': undefined },
2020-03-17 17:51:41 default[20200317t133930]       name: 'cities',
2020-03-17 17:51:41 default[20200317t133930]       collectionName: 'cities',
2020-03-17 17:51:41 default[20200317t133930]       conn:
2020-03-17 17:51:41 default[20200317t133930]        NativeConnection {
2020-03-17 17:51:41 default[20200317t133930]          base: [Mongoose],
2020-03-17 17:51:41 default[20200317t133930]          collections: [Circular],
2020-03-17 17:51:41 default[20200317t133930]          models: [Object],
2020-03-17 17:51:41 default[20200317t133930]          config: [Object],
2020-03-17 17:51:41 default[20200317t133930]          replica: false,
2020-03-17 17:51:41 default[20200317t133930]          options: null,
2020-03-17 17:51:41 default[20200317t133930]          otherDbs: [],
2020-03-17 17:51:41 default[20200317t133930]          relatedDbs: {},
2020-03-17 17:51:41 default[20200317t133930]          states: [Object],
2020-03-17 17:51:41 default[20200317t133930]          _readyState: 1,
2020-03-17 17:51:41 default[20200317t133930]          _closeCalled: false,
2020-03-17 17:51:41 default[20200317t133930]          _hasOpened: true,
2020-03-17 17:51:41 default[20200317t133930]          plugins: [],
2020-03-17 17:51:41 default[20200317t133930]          _listening: false,
2020-03-17 17:51:41 default[20200317t133930]          _connectionOptions: [Object],
2020-03-17 17:51:41 default[20200317t133930]          client: [MongoClient],
2020-03-17 17:51:41 default[20200317t133930]          '$initialConnection': [Promise],
2020-03-17 17:51:41 default[20200317t133930]          name: 'ardb',
2020-03-17 17:51:41 default[20200317t133930]          host: 'ar001-shard-00-00-1xhdt.mongodb.net',
2020-03-17 17:51:41 default[20200317t133930]          port: 27017,
2020-03-17 17:51:41 default[20200317t133930]          user: 'aubs',
2020-03-17 17:51:41 default[20200317t133930]          pass: 'aubrey3',
2020-03-17 17:51:41 default[20200317t133930]          db: [Db] },
2020-03-17 17:51:41 default[20200317t133930]       queue: [],
2020-03-17 17:51:41 default[20200317t133930]       buffer: false,
2020-03-17 17:51:41 default[20200317t133930]       emitter:
2020-03-17 17:51:41 default[20200317t133930]        EventEmitter {
2020-03-17 17:51:41 default[20200317t133930]          _events: [Object: null prototype] {},
2020-03-17 17:51:41 default[20200317t133930]          _eventsCount: 0,
2020-03-17 17:51:41 default[20200317t133930]          _maxListeners: undefined } },
2020-03-17 17:51:41 default[20200317t133930]    countries:
2020-03-17 17:51:41 default[20200317t133930]     NativeCollection {
2020-03-17 17:51:41 default[20200317t133930]       collection: Collection { s: [Object] },
2020-03-17 17:51:41 default[20200317t133930]       Promise: [Function: Promise],
2020-03-17 17:51:41 default[20200317t133930]       opts:
2020-03-17 17:51:41 default[20200317t133930]        { bufferCommands: true,
2020-03-17 17:51:41 default[20200317t133930]          capped: false,
2020-03-17 17:51:41 default[20200317t133930]          Promise: [Function: Promise],
2020-03-17 17:51:41 default[20200317t133930]          '$wasForceClosed': undefined },
2020-03-17 17:51:41 default[20200317t133930]       name: 'countries',
2020-03-17 17:51:41 default[20200317t133930]       collectionName: 'countries',
2020-03-17 17:51:41 default[20200317t133930]       conn:
2020-03-17 17:51:41 default[20200317t133930]        NativeConnection {
2020-03-17 17:51:41 default[20200317t133930]          base: [Mongoose],
2020-03-17 17:51:41 default[20200317t133930]          collections: [Circular],
2020-03-17 17:51:41 default[20200317t133930]          models: [Object],
2020-03-17 17:51:41 default[20200317t133930]          config: [Object],
2020-03-17 17:51:41 default[20200317t133930]          replica: false,
2020-03-17 17:51:41 default[20200317t133930]          options: null,
2020-03-17 17:51:41 default[20200317t133930]          otherDbs: [],
2020-03-17 17:51:41 default[20200317t133930]          relatedDbs: {},
2020-03-17 17:51:41 default[20200317t133930]          states: [Object],
2020-03-17 17:51:41 default[20200317t133930]          _readyState: 1,
2020-03-17 17:51:41 default[20200317t133930]          _closeCalled: false,
2020-03-17 17:51:41 default[20200317t133930]          _hasOpened: true,
2020-03-17 17:51:41 default[20200317t133930]          plugins: [],
2020-03-17 17:51:41 default[20200317t133930]          _listening: false,
2020-03-17 17:51:41 default[20200317t133930]          _connectionOptions: [Object],
2020-03-17 17:51:41 default[20200317t133930]          client: [MongoClient],
2020-03-17 17:51:41 default[20200317t133930]          '$initialConnection': [Promise],
2020-03-17 17:51:41 default[20200317t133930]          name: 'ardb',
2020-03-17 17:51:41 default[20200317t133930]          host: 'ar001-shard-00-00-1xhdt.mongodb.net',
2020-03-17 17:51:41 default[20200317t133930]          port: 27017,
2020-03-17 17:51:41 default[20200317t133930]          user: 'aubs',
2020-03-17 17:51:41 default[20200317t133930]          pass: 'aubrey3',
2020-03-17 17:51:41 default[20200317t133930]          db: [Db] },
2020-03-17 17:51:41 default[20200317t133930]       queue: [],
2020-03-17 17:51:41 default[20200317t133930]       buffer: false,
2020-03-17 17:51:41 default[20200317t133930]       emitter:
2020-03-17 17:51:41 default[20200317t133930]        EventEmitter {
2020-03-17 17:51:41 default[20200317t133930]          _events: [Object: null prototype] {},
2020-03-17 17:51:41 default[20200317t133930]          _eventsCount: 0,
2020-03-17 17:51:41 default[20200317t133930]          _maxListeners: undefined } },
2020-03-17 17:51:41 default[20200317t133930]    vehiclecommutersnearby:
2020-03-17 17:51:41 default[20200317t133930]     NativeCollection {
2020-03-17 17:51:41 default[20200317t133930]       collection: Collection { s: [Object] },
2020-03-17 17:51:41 default[20200317t133930]       Promise: [Function: Promise],
2020-03-17 17:51:41 default[20200317t133930]       opts:
2020-03-17 17:51:41 default[20200317t133930]        { '$wasForceClosed': undefined,
2020-03-17 17:51:41 default[20200317t133930]          capped: {},
2020-03-17 17:51:41 default[20200317t133930]          bufferCommands: true },
2020-03-17 17:51:41 default[20200317t133930]       name: 'vehiclecommutersnearby',
2020-03-17 17:51:41 default[20200317t133930]       collectionName: 'vehiclecommutersnearby',
2020-03-17 17:51:41 default[20200317t133930]       conn:
2020-03-17 17:51:41 default[20200317t133930]        NativeConnection {
2020-03-17 17:51:41 default[20200317t133930]          base: [Mongoose],
2020-03-17 17:51:41 default[20200317t133930]          collections: [Circular],
2020-03-17 17:51:41 default[20200317t133930]          models: [Object],
2020-03-17 17:51:41 default[20200317t133930]          config: [Object],
2020-03-17 17:51:41 default[20200317t133930]          replica: false,
2020-03-17 17:51:41 default[20200317t133930]          options: null,
2020-03-17 17:51:41 default[20200317t133930]          otherDbs: [],
2020-03-17 17:51:41 default[20200317t133930]          relatedDbs: {},
2020-03-17 17:51:41 default[20200317t133930]          states: [Object],
2020-03-17 17:51:41 default[20200317t133930]          _readyState: 1,
2020-03-17 17:51:41 default[20200317t133930]          _closeCalled: false,
2020-03-17 17:51:41 default[20200317t133930]          _hasOpened: true,
2020-03-17 17:51:41 default[20200317t133930]          plugins: [],
2020-03-17 17:51:41 default[20200317t133930]          _listening: false,
2020-03-17 17:51:41 default[20200317t133930]          _connectionOptions: [Object],
2020-03-17 17:51:41 default[20200317t133930]          client: [MongoClient],
2020-03-17 17:51:41 default[20200317t133930]          '$initialConnection': [Promise],
2020-03-17 17:51:41 default[20200317t133930]          name: 'ardb',
2020-03-17 17:51:41 default[20200317t133930]          host: 'ar001-shard-00-00-1xhdt.mongodb.net',
2020-03-17 17:51:41 default[20200317t133930]          port: 27017,
2020-03-17 17:51:41 default[20200317t133930]          user: 'aubs',
2020-03-17 17:51:41 default[20200317t133930]          pass: 'aubrey3',
2020-03-17 17:51:41 default[20200317t133930]          db: [Db] },
2020-03-17 17:51:41 default[20200317t133930]       queue: [],
2020-03-17 17:51:41 default[20200317t133930]       buffer: false,
2020-03-17 17:51:41 default[20200317t133930]       emitter:
2020-03-17 17:51:41 default[20200317t133930]        EventEmitter {
2020-03-17 17:51:41 default[20200317t133930]          _events: [Object: null prototype] {},
2020-03-17 17:51:41 default[20200317t133930]          _eventsCount: 0,
2020-03-17 17:51:41 default[20200317t133930]          _maxListeners: undefined } } }
